This is XeTeX, Version 3.141592653-2.6-0.999998 (TeX Live 2026) (preloaded format=xelatex 2026.5.14)  18 JUN 2026 12:22
entering extended mode
 restricted \write18 enabled.
 %&-line parsing enabled.
**memoria.tex
(./memoria.tex
LaTeX2e <2025-11-01>
L3 programming layer <2026-01-19>
(./upm-report.cls
Document Class: upm-report 
(/usr/local/texlive/2026/texmf-dist/tex/latex/base/book.cls
Document Class: book 2025/01/22 v1.4n Standard LaTeX document class
(/usr/local/texlive/2026/texmf-dist/tex/latex/base/bk12.clo
File: bk12.clo 2025/01/22 v1.4n Standard LaTeX file (size option)
)
\c@part=\count271
\c@chapter=\count272
\c@section=\count273
\c@subsection=\count274
\c@subsubsection=\count275
\c@paragraph=\count276
\c@subparagraph=\count277
\c@figure=\count278
\c@table=\count279
\abovecaptionskip=\skip49
\belowcaptionskip=\skip50
\bibindent=\dimen148
)
(/usr/local/texlive/2026/texmf-dist/tex/generic/iftex/ifxetex.sty
Package: ifxetex 2019/10/25 v0.7 ifxetex legacy package. Use iftex instead.

(/usr/local/texlive/2026/texmf-dist/tex/generic/iftex/iftex.sty
Package: iftex 2024/12/12 v1.0g TeX engine tests
))
(/usr/local/texlive/2026/texmf-dist/tex/latex/appendix/appendix.sty
Package: appendix 2020/02/08 v1.2c extra appendix facilities
\c@@pps=\count280
\c@@ppsavesec=\count281
\c@@ppsaveapp=\count282
)
(/usr/local/texlive/2026/texmf-dist/tex/latex/needspace/needspace.sty
Package: needspace 2025/03/13 v1.3e reserve vertical space
)
(/usr/local/texlive/2026/texmf-dist/tex/latex/etoolbox/etoolbox.sty
Package: etoolbox 2025/10/02 v2.5m e-TeX tools for LaTeX (JAW)
\etb@tempcnta=\count283
)
(/usr/local/texlive/2026/texmf-dist/tex/latex/awesomebox/awesomebox.sty
Package: awesomebox 2019/07/27 v0.6

(/usr/local/texlive/2026/texmf-dist/tex/latex/fontawesome5/fontawesome5.sty
(/usr/local/texlive/2026/texmf-dist/tex/latex/l3kernel/expl3.sty
Package: expl3 2026-01-19 L3 programming layer (loader) 

(/usr/local/texlive/2026/texmf-dist/tex/latex/l3backend/l3backend-xetex.def
File: l3backend-xetex.def 2025-10-09 L3 backend support: XeTeX
\g__graphics_track_int=\count284
\g__pdfannot_backend_int=\count285
\g__pdfannot_backend_link_int=\count286
))
Package: fontawesome5 2022/05/02 v5.15.4 Font Awesome 5

(/usr/local/texlive/2026/texmf-dist/tex/latex/l3packages/l3keys2e/l3keys2e.sty
Package: l3keys2e 2025-10-09 LaTeX2e option processing using LaTeX3 keys
) (/usr/local/texlive/2026/texmf-dist/tex/latex/l3packages/xparse/xparse.sty
Package: xparse 2025-10-09 L3 Experimental document command parser
)
(/usr/local/texlive/2026/texmf-dist/tex/latex/fontawesome5/fontawesome5-utex-he
lper.sty
Package: fontawesome5-utex-helper 2022/05/02 v5.15.4 uTeX helper for fontawesom
e5
LaTeX Font Info:    Trying to load font information for TU+fontawesomefree on i
nput line 69.

(/usr/local/texlive/2026/texmf-dist/tex/latex/fontawesome5/tufontawesomefree.fd
)
LaTeX Font Info:    Trying to load font information for TU+fontawesomebrands on
 input line 70.

(/usr/local/texlive/2026/texmf-dist/tex/latex/fontawesome5/tufontawesomebrands.
fd))) (/usr/local/texlive/2026/texmf-dist/tex/latex/xcolor/xcolor.sty
Package: xcolor 2024/09/29 v3.02 LaTeX color extensions (UK)

(/usr/local/texlive/2026/texmf-dist/tex/latex/graphics-cfg/color.cfg
File: color.cfg 2016/01/02 v1.6 sample color configuration
)
Package xcolor Info: Driver file: xetex.def on input line 274.

(/usr/local/texlive/2026/texmf-dist/tex/latex/graphics-def/xetex.def
File: xetex.def 2025/11/01 v5.0p Graphics/color driver for xetex
)
(/usr/local/texlive/2026/texmf-dist/tex/latex/graphics/mathcolor.ltx)
Package xcolor Info: Model `cmy' substituted by `cmy0' on input line 1349.
Package xcolor Info: Model `RGB' extended on input line 1365.
Package xcolor Info: Model `HTML' substituted by `rgb' on input line 1367.
Package xcolor Info: Model `Hsb' substituted by `hsb' on input line 1368.
Package xcolor Info: Model `tHsb' substituted by `hsb' on input line 1369.
Package xcolor Info: Model `HSB' substituted by `hsb' on input line 1370.
Package xcolor Info: Model `Gray' substituted by `gray' on input line 1371.
Package xcolor Info: Model `wave' substituted by `hsb' on input line 1372.
)
\aweboxleftmargin=\skip51
\aweboxcontentwidth=\skip52
\aweboxvskip=\skip53
\aweboxsignraise=\skip54
\aweboxrulewidth=\skip55

(/usr/local/texlive/2026/texmf-dist/tex/latex/tools/array.sty
Package: array 2025/09/25 v2.6n Tabular extension package (FMi)
\col@sep=\dimen149
\ar@mcellbox=\box53
\extrarowheight=\dimen150
\NC@list=\toks17
\extratabsurround=\skip56
\backup@length=\skip57
\ar@cellbox=\box54
)
(/usr/local/texlive/2026/texmf-dist/tex/latex/base/ifthen.sty
Package: ifthen 2024/03/16 v1.1e Standard LaTeX ifthen package (DPC)
)
\aweboxlinewidthvar=\skip58
\aweboxlinewidthref=\skip59
)
(/usr/local/texlive/2026/texmf-dist/tex/latex/changepage/changepage.sty
Package: changepage 2009/10/20 v1.0c check page and change page layout
\c@cp@cntr=\count287
\cp@tempcnt=\count288
)
(/usr/local/texlive/2026/texmf-dist/tex/latex/csquotes/csquotes.sty
Package: csquotes 2024-04-04 v5.2o context-sensitive quotations (JAW)

(/usr/local/texlive/2026/texmf-dist/tex/latex/graphics/keyval.sty
Package: keyval 2022/05/29 v1.15 key=value parser (DPC)
\KV@toks@=\toks18
)
\csq@reset=\count289
\csq@gtype=\count290
\csq@glevel=\count291
\csq@qlevel=\count292
\csq@maxlvl=\count293
\csq@tshold=\count294
\csq@ltx@everypar=\toks19

(/usr/local/texlive/2026/texmf-dist/tex/latex/csquotes/csquotes.def
File: csquotes.def 2024-04-04 v5.2o csquotes generic definitions (JAW)
)
Package csquotes Info: Trying to load configuration file 'csquotes.cfg'...
Package csquotes Info: ... configuration file loaded successfully.

(/usr/local/texlive/2026/texmf-dist/tex/latex/csquotes/csquotes.cfg
File: csquotes.cfg 
))
(/usr/local/texlive/2026/texmf-dist/tex/latex/eso-pic/eso-pic.sty
Package: eso-pic 2025/12/10 v3.0d eso-pic (RN)
\ESO@tempdima=\dimen151
\ESO@tempdimb=\dimen152
)
(/usr/local/texlive/2026/texmf-dist/tex/latex/graphics/graphicx.sty
Package: graphicx 2024/12/31 v1.2e Enhanced LaTeX Graphics (DPC,SPQR)

(/usr/local/texlive/2026/texmf-dist/tex/latex/graphics/graphics.sty
Package: graphics 2024/08/06 v1.4g Standard LaTeX Graphics (DPC,SPQR)

(/usr/local/texlive/2026/texmf-dist/tex/latex/graphics/trig.sty
Package: trig 2023/12/02 v1.11 sin cos tan (DPC)
)
(/usr/local/texlive/2026/texmf-dist/tex/latex/graphics-cfg/graphics.cfg
File: graphics.cfg 2016/06/04 v1.11 sample graphics configuration
)
Package graphics Info: Driver file: xetex.def on input line 106.
)
\Gin@req@height=\dimen153
\Gin@req@width=\dimen154
)
(/usr/local/texlive/2026/texmf-dist/tex/generic/hologo/hologo.sty
Package: hologo 2025-11-11 v1.16 A logo collection with bookmark support (HO)

(/usr/local/texlive/2026/texmf-dist/tex/generic/ltxcmds/ltxcmds.sty
Package: ltxcmds 2023-12-04 v1.26 LaTeX kernel commands for general use (HO)
)
(/usr/local/texlive/2026/texmf-dist/tex/generic/infwarerr/infwarerr.sty
Package: infwarerr 2019/12/03 v1.5 Providing info/warning/error messages (HO)
)
(/usr/local/texlive/2026/texmf-dist/tex/latex/kvsetkeys/kvsetkeys.sty
Package: kvsetkeys 2022-10-05 v1.19 Key value parser (HO)
)
(/usr/local/texlive/2026/texmf-dist/tex/generic/kvdefinekeys/kvdefinekeys.sty
Package: kvdefinekeys 2019-12-19 v1.6 Define keys (HO)
)
(/usr/local/texlive/2026/texmf-dist/tex/generic/pdftexcmds/pdftexcmds.sty
Package: pdftexcmds 2020-06-27 v0.33 Utility functions of pdfTeX for LuaTeX (HO
)
Package pdftexcmds Info: \pdf@primitive is available.
Package pdftexcmds Info: \pdf@ifprimitive is available.
Package pdftexcmds Info: \pdfdraftmode not found.
))
(/usr/local/texlive/2026/texmf-dist/tex/latex/pdflscape/pdflscape.sty
Package: pdflscape 2025-06-23 v0.14 Display of landscape pages in PDF

(/usr/local/texlive/2026/texmf-dist/tex/latex/pdflscape/pdflscape-nometadata.st
y
Package: pdflscape-nometadata 2025-06-23 v0.14 Display of landscape pages in PD
F (HO)
 (/usr/local/texlive/2026/texmf-dist/tex/latex/graphics/lscape.sty
Package: lscape 2020/05/28 v3.02 Landscape Pages (DPC)
)
Package pdflscape Info: Auto-detected driver: dvipdfm (xetex) on input line 98.

))
(/usr/local/texlive/2026/texmf-dist/tex/latex/algorithms/algorithm.sty
Invalid UTF-8 byte or sequence at line 11 replaced by U+FFFD.
Package: algorithm 2009/08/24 v0.1 Document Style `algorithm' - floating enviro
nment

(/usr/local/texlive/2026/texmf-dist/tex/latex/float/float.sty
Package: float 2001/11/08 v1.3d Float enhancements (AL)
\c@float@type=\count295
\float@exts=\toks20
\float@box=\box55
\@float@everytoks=\toks21
\@floatcapt=\box56
)
\@float@every@algorithm=\toks22
\c@algorithm=\count296
)
(/usr/local/texlive/2026/texmf-dist/tex/latex/algorithmicx/algpseudocode.sty
Package: algpseudocode 

(/usr/local/texlive/2026/texmf-dist/tex/latex/algorithmicx/algorithmicx.sty
Package: algorithmicx 2005/04/27 v1.2 Algorithmicx

Document Style algorithmicx 1.2 - a greatly improved `algorithmic' style
\c@ALG@line=\count297
\c@ALG@rem=\count298
\c@ALG@nested=\count299
\ALG@tlm=\skip60
\ALG@thistlm=\skip61
\c@ALG@Lnr=\count300
\c@ALG@blocknr=\count301
\c@ALG@storecount=\count302
\c@ALG@tmpcounter=\count303
\ALG@tmplength=\skip62
)
Document Style - pseudocode environments for use with the `algorithmicx' style
) (/usr/local/texlive/2026/texmf-dist/tex/latex/kvoptions/kvoptions.sty
Package: kvoptions 2022-06-15 v3.15 Key value format for package options (HO)
)
(/usr/local/texlive/2026/texmf-dist/tex/generic/babel/babel.sty
Package: babel 2026/03/08 v26.4 The multilingual framework for LuaLaTeX, pdfLaT
eX and XeLaTeX
\babel@savecnt=\count304
LaTeX Encoding Info:    Redeclaring text command \ij (encoding OT1) on input li
ne 2078.
LaTeX Encoding Info:    Redeclaring text command \IJ (encoding OT1) on input li
ne 2080.
LaTeX Encoding Info:    Redeclaring text command \ij (encoding T1) on input lin
e 2082.
LaTeX Encoding Info:    Redeclaring text command \IJ (encoding T1) on input lin
e 2083.
LaTeX Encoding Info:    Ignoring declaration for text command \ij (encoding ?) 
on input line 2084.
LaTeX Encoding Info:    Ignoring declaration for text command \IJ (encoding ?) 
on input line 2086.
LaTeX Encoding Info:    Ignoring declaration for text command \SS (encoding ?) 
on input line 2111.
\U@D=\dimen155
\l@unhyphenated=\language91

(/usr/local/texlive/2026/texmf-dist/tex/generic/babel/xebabel.def)
\bbl@readstream=\read2
\bbl@dirlevel=\count305

(/usr/local/texlive/2026/texmf-dist/tex/generic/babel/locale/es/babel-spanish.t
ex)
Package babel Info: Importing font and identification data for spanish
(babel)             from babel-es.ini. Reported on input line 4330.
 (/usr/local/texlive/2026/texmf-dist/tex/generic/babel-spanish/spanish.ldf
Language: spanish.ldf 2021/05/27 v5.0q Spanish support from the babel system
\es@quottoks=\toks23
\es@quotdepth=\count306
Package babel Info: Making " an active character on input line 570.
Package babel Info: Making . an active character on input line 675.
Package babel Info: Making < an active character on input line 722.
Package babel Info: Making > an active character on input line 722.
))
LaTeX Encoding Info:    Redeclaring text command \guillemotleft (encoding OT1) 
on input line 229.
LaTeX Encoding Info:    Redeclaring text command \guillemotright (encoding OT1)
 on input line 229.
(/usr/local/texlive/2026/texmf-dist/tex/latex/geometry/geometry.sty
Package: geometry 2026/03/07 v6.0 Page Geometry

(/usr/local/texlive/2026/texmf-dist/tex/generic/iftex/ifvtex.sty
Package: ifvtex 2019/10/25 v1.7 ifvtex legacy package. Use iftex instead.
)
\Gm@cnth=\count307
\Gm@cntv=\count308
\c@Gm@tempcnt=\count309
\Gm@bindingoffset=\dimen156
\Gm@wd@mp=\dimen157
\Gm@odd@mp=\dimen158
\Gm@even@mp=\dimen159
\Gm@layoutwidth=\dimen160
\Gm@layoutheight=\dimen161
\Gm@layouthoffset=\dimen162
\Gm@layoutvoffset=\dimen163
\Gm@dimlist=\toks24
)
(/usr/local/texlive/2026/texmf-dist/tex/latex/fancyhdr/fancyhdr.sty
Package: fancyhdr 2025/02/07 v5.2 Extensive control of page headers and footers

\f@nch@headwidth=\skip63
\f@nch@offset@elh=\skip64
\f@nch@offset@erh=\skip65
\f@nch@offset@olh=\skip66
\f@nch@offset@orh=\skip67
\f@nch@offset@elf=\skip68
\f@nch@offset@erf=\skip69
\f@nch@offset@olf=\skip70
\f@nch@offset@orf=\skip71
\f@nch@height=\skip72
\f@nch@footalignment=\skip73
\f@nch@widthL=\skip74
\f@nch@widthC=\skip75
\f@nch@widthR=\skip76
\@temptokenb=\toks25
)
(/usr/local/texlive/2026/texmf-dist/tex/latex/titlesec/titlesec.sty
Package: titlesec 2025/01/04 v2.17 Sectioning titles
\ttl@box=\box57
\beforetitleunit=\skip77
\aftertitleunit=\skip78
\ttl@plus=\dimen164
\ttl@minus=\dimen165
\ttl@toksa=\toks26
\titlewidth=\dimen166
\titlewidthlast=\dimen167
\titlewidthfirst=\dimen168
)
(/usr/local/texlive/2026/texmf-dist/tex/latex/titlesec/titletoc.sty
Package: titletoc 2025/01/04 v2.17 TOC entries
\ttl@leftsep=\dimen169
)
(/usr/local/texlive/2026/texmf-dist/tex/latex/fontspec/fontspec.sty
Package: fontspec 2025/09/29 v2.9g Font selection for XeLaTeX and LuaLaTeX

(/usr/local/texlive/2026/texmf-dist/tex/latex/fontspec/fontspec-xetex.sty
Package: fontspec-xetex 2025/09/29 v2.9g Font selection for XeLaTeX and LuaLaTe
X
\l__fontspec_script_int=\count310
\l__fontspec_language_int=\count311
\l__fontspec_strnum_int=\count312
\l__fontspec_tmp_int=\count313
\l__fontspec_tmpa_int=\count314
\l__fontspec_tmpb_int=\count315
\l__fontspec_tmpc_int=\count316
\l__fontspec_em_int=\count317
\l__fontspec_emdef_int=\count318
\l__fontspec_strong_int=\count319
\l__fontspec_strongdef_int=\count320
\l__fontspec_tmpa_dim=\dimen170
\l__fontspec_tmpb_dim=\dimen171
\l__fontspec_tmpc_dim=\dimen172

(/usr/local/texlive/2026/texmf-dist/tex/latex/base/fontenc.sty
Package: fontenc 2025/07/18 v2.1d Standard LaTeX package
)
(/usr/local/texlive/2026/texmf-dist/tex/latex/fontspec/fontspec.cfg)))
(/usr/local/texlive/2026/texmf-dist/tex/latex/microtype/microtype.sty
Package: microtype 2026/03/01 v3.2d Micro-typographical refinements (RS)
\MT@toks=\toks27
\MT@tempbox=\box58
\MT@count=\count321
LaTeX Info: Redefining \noprotrusionifhmode on input line 1084.
LaTeX Info: Redefining \leftprotrusion on input line 1085.
\MT@prot@toks=\toks28
LaTeX Info: Redefining \rightprotrusion on input line 1104.
LaTeX Info: Redefining \textls on input line 1449.
\MT@outer@kern=\dimen173
LaTeX Info: Redefining \microtypecontext on input line 2053.
LaTeX Info: Redefining \textmicrotypecontext on input line 2070.
\MT@listname@count=\count322

(/usr/local/texlive/2026/texmf-dist/tex/latex/microtype/microtype-xetex.def
File: microtype-xetex.def 2026/03/01 v3.2d Definitions specific to xetex (RS)
LaTeX Info: Redefining \lsstyle on input line 443.
LaTeX Info: Redefining \lslig on input line 451.
\MT@outer@space=\skip79
)
Package microtype Info: Loading configuration file microtype.cfg.

(/usr/local/texlive/2026/texmf-dist/tex/latex/microtype/microtype.cfg
File: microtype.cfg 2026/03/01 v3.2d microtype main configuration file (RS)
)
LaTeX Info: Redefining \microtypesetup on input line 3065.
)

Package fontspec Info: 
(fontspec)             Could not resolve font "Source Serif 4/B" (it probably
(fontspec)             doesn't exist).


Package fontspec Info: 
(fontspec)             Font family 'SourceSerif4(0)' created for font 'Source
(fontspec)             Serif 4' with options [Ligatures=TeX].
(fontspec)              
(fontspec)              This font family consists of the following NFSS
(fontspec)             series/shapes:
(fontspec)              
(fontspec)             - 'normal' (m/n) with NFSS spec.: <->"Source Serif
(fontspec)             4/OT:script=latn;language=dflt;mapping=tex-text;"
(fontspec)             - 'small caps'  (m/sc) with NFSS spec.: <->"Source
(fontspec)             Serif
(fontspec)             4/OT:script=latn;language=dflt;+smcp;mapping=tex-text;"
(fontspec)             - 'italic' (m/it) with NFSS spec.: <->"Source Serif
(fontspec)             4/I/OT:script=latn;language=dflt;mapping=tex-text;"
(fontspec)             - 'bold italic' (b/it) with NFSS spec.: <->"Source
(fontspec)             Serif
(fontspec)             4/BI/OT:script=latn;language=dflt;mapping=tex-text;"


Package fontspec Info: 
(fontspec)             Font family 'HelveticaNeue(0)' created for font
(fontspec)             'Helvetica Neue' with options [Ligatures=TeX].
(fontspec)              
(fontspec)              This font family consists of the following NFSS
(fontspec)             series/shapes:
(fontspec)              
(fontspec)             - 'normal' (m/n) with NFSS spec.: <->"Helvetica
(fontspec)             Neue/AAT:mapping=tex-text;"
(fontspec)             - 'bold' (b/n) with NFSS spec.: <->"Helvetica
(fontspec)             Neue/B/AAT:mapping=tex-text;"
(fontspec)             - 'italic' (m/it) with NFSS spec.: <->"Helvetica
(fontspec)             Neue/I/AAT:mapping=tex-text;"
(fontspec)             - 'bold italic' (b/it) with NFSS spec.: <->"Helvetica
(fontspec)             Neue/BI/AAT:mapping=tex-text;"


Package fontspec Info: 
(fontspec)             Could not resolve font "Source Code Pro/B" (it probably
(fontspec)             doesn't exist).


Package fontspec Info: 
(fontspec)             Font family 'SourceCodePro(0)' created for font 'Source
(fontspec)             Code Pro' with options
(fontspec)             [WordSpace={1,0,0},HyphenChar=None,PunctuationSpace=Word
Space].
(fontspec)              
(fontspec)              This font family consists of the following NFSS
(fontspec)             series/shapes:
(fontspec)              
(fontspec)             - 'normal' (m/n) with NFSS spec.: <->"Source Code
(fontspec)             Pro/OT:script=latn;language=dflt;"
(fontspec)             - 'italic' (m/it) with NFSS spec.: <->"Source Code
(fontspec)             Pro/I/OT:script=latn;language=dflt;"
(fontspec)             - 'bold italic' (b/it) with NFSS spec.: <->"Source Code
(fontspec)             Pro/BI/OT:script=latn;language=dflt;"


(/usr/local/texlive/2026/texmf-dist/tex/latex/amsmath/amsmath.sty
Package: amsmath 2025/07/09 v2.17z AMS math features
\@mathmargin=\skip80

For additional information on amsmath, use the `?' option.
(/usr/local/texlive/2026/texmf-dist/tex/latex/amsmath/amstext.sty
Package: amstext 2024/11/17 v2.01 AMS text

(/usr/local/texlive/2026/texmf-dist/tex/latex/amsmath/amsgen.sty
File: amsgen.sty 1999/11/30 v2.0 generic functions
\@emptytoks=\toks29
\ex@=\dimen174
))
(/usr/local/texlive/2026/texmf-dist/tex/latex/amsmath/amsbsy.sty
Package: amsbsy 1999/11/29 v1.2d Bold Symbols
\pmbraise@=\dimen175
)
(/usr/local/texlive/2026/texmf-dist/tex/latex/amsmath/amsopn.sty
Package: amsopn 2022/04/08 v2.04 operator names
)
\inf@bad=\count323
LaTeX Info: Redefining \frac on input line 233.
\uproot@=\count324
\leftroot@=\count325
LaTeX Info: Redefining \overline on input line 398.
LaTeX Info: Redefining \colon on input line 409.
\classnum@=\count326
\DOTSCASE@=\count327
LaTeX Info: Redefining \ldots on input line 495.
LaTeX Info: Redefining \dots on input line 498.
LaTeX Info: Redefining \cdots on input line 619.
\Mathstrutbox@=\box59
\strutbox@=\box60
LaTeX Info: Redefining \big on input line 721.
LaTeX Info: Redefining \Big on input line 722.
LaTeX Info: Redefining \bigg on input line 723.
LaTeX Info: Redefining \Bigg on input line 724.
\big@size=\dimen176
LaTeX Font Info:    Redeclaring font encoding OML on input line 742.
LaTeX Font Info:    Redeclaring font encoding OMS on input line 743.
\macc@depth=\count328
LaTeX Info: Redefining \bmod on input line 904.
LaTeX Info: Redefining \pmod on input line 909.
LaTeX Info: Redefining \smash on input line 939.
LaTeX Info: Redefining \relbar on input line 969.
LaTeX Info: Redefining \Relbar on input line 970.
\c@MaxMatrixCols=\count329
\dotsspace@=\muskip17
\c@parentequation=\count330
\dspbrk@lvl=\count331
\tag@help=\toks30
\row@=\count332
\column@=\count333
\maxfields@=\count334
\andhelp@=\toks31
\eqnshift@=\dimen177
\alignsep@=\dimen178
\tagshift@=\dimen179
\tagwidth@=\dimen180
\totwidth@=\dimen181
\lineht@=\dimen182
\@envbody=\toks32
\multlinegap=\skip81
\multlinetaggap=\skip82
\mathdisplay@stack=\toks33
LaTeX Info: Redefining \[ on input line 2950.
LaTeX Info: Redefining \] on input line 2951.
)
(/usr/local/texlive/2026/texmf-dist/tex/latex/amsfonts/amssymb.sty
Package: amssymb 2013/01/14 v3.01 AMS font symbols

(/usr/local/texlive/2026/texmf-dist/tex/latex/amsfonts/amsfonts.sty
Package: amsfonts 2013/01/14 v3.01 Basic AMSFonts support
\symAMSa=\mathgroup4
\symAMSb=\mathgroup5
LaTeX Font Info:    Redeclaring math symbol \hbar on input line 98.
LaTeX Font Info:    Overwriting math alphabet `\mathfrak' in version `bold'
(Font)                  U/euf/m/n --> U/euf/b/n on input line 106.
))
(/usr/local/texlive/2026/texmf-dist/tex/latex/mathtools/mathtools.sty
Package: mathtools 2024/10/04 v1.31 mathematical typesetting tools

(/usr/local/texlive/2026/texmf-dist/tex/latex/tools/calc.sty
Package: calc 2025/03/01 v4.3b Infix arithmetic (KKT,FJ)
\calc@Acount=\count335
\calc@Bcount=\count336
\calc@Adimen=\dimen183
\calc@Bdimen=\dimen184
\calc@Askip=\skip83
\calc@Bskip=\skip84
LaTeX Info: Redefining \setlength on input line 86.
LaTeX Info: Redefining \addtolength on input line 87.
\calc@Ccount=\count337
\calc@Cskip=\skip85
)
(/usr/local/texlive/2026/texmf-dist/tex/latex/mathtools/mhsetup.sty
Package: mhsetup 2021/03/18 v1.4 programming setup (MH)
)
\g_MT_multlinerow_int=\count338
\l_MT_multwidth_dim=\dimen185
\origjot=\skip86
\l_MT_shortvdotswithinadjustabove_dim=\dimen186
\l_MT_shortvdotswithinadjustbelow_dim=\dimen187
\l_MT_above_intertext_sep=\dimen188
\l_MT_below_intertext_sep=\dimen189
\l_MT_above_shortintertext_sep=\dimen190
\l_MT_below_shortintertext_sep=\dimen191
\xmathstrut@box=\box61
\xmathstrut@dim=\dimen192
)
(/usr/local/texlive/2026/texmf-dist/tex/latex/xfrac/xfrac.sty
Package: xfrac 2024-06-04 Split-level fractions
\l__xfrac_slash_box=\box62
\l__xfrac_tmp_box=\box63
\l__xfrac_denominator_bot_sep_dim=\dimen193
\l__xfrac_numerator_bot_sep_dim=\dimen194
\l__xfrac_numerator_top_sep_dim=\dimen195
\l__xfrac_slash_left_sep_dim=\dimen196
\l__xfrac_slash_right_sep_dim=\dimen197
\l__xfrac_slash_left_muskip=\muskip18
\l__xfrac_slash_right_muskip=\muskip19

LaTeX template Info: Declaring template type 'xfrac' taking 3 argument(s) on
(template)           line 100.


LaTeX template Info: Declaring instance 'cmr' of type xfrac on line 392.


LaTeX template Info: Declaring instance 'cmss' of type xfrac on line 392.


LaTeX template Info: Declaring instance 'cmtt' of type xfrac on line 392.

)
(/usr/local/texlive/2026/texmf-dist/tex/latex/tools/tabularx.sty
Package: tabularx 2023/12/11 v2.12a `tabularx' package (DPC)
\TX@col@width=\dimen198
\TX@old@table=\dimen199
\TX@old@col=\dimen256
\TX@target=\dimen257
\TX@delta=\dimen258
\TX@cols=\count339
\TX@ftn=\toks34
)
(/usr/local/texlive/2026/texmf-dist/tex/latex/booktabs/booktabs.sty
Package: booktabs 2020/01/12 v1.61803398 Publication quality tables
\heavyrulewidth=\dimen259
\lightrulewidth=\dimen260
\cmidrulewidth=\dimen261
\belowrulesep=\dimen262
\belowbottomsep=\dimen263
\aboverulesep=\dimen264
\abovetopsep=\dimen265
\cmidrulesep=\dimen266
\cmidrulekern=\dimen267
\defaultaddspace=\dimen268
\@cmidla=\count340
\@cmidlb=\count341
\@aboverulesep=\dimen269
\@belowrulesep=\dimen270
\@thisruleclass=\count342
\@lastruleclass=\count343
\@thisrulewidth=\dimen271
)
(/usr/local/texlive/2026/texmf-dist/tex/latex/caption/caption.sty
Package: caption 2023/08/05 v3.6o Customizing captions (AR)

(/usr/local/texlive/2026/texmf-dist/tex/latex/caption/caption3.sty
Package: caption3 2023/07/31 v2.4d caption3 kernel (AR)
\caption@tempdima=\dimen272
\captionmargin=\dimen273
\caption@leftmargin=\dimen274
\caption@rightmargin=\dimen275
\caption@width=\dimen276
\caption@indent=\dimen277
\caption@parindent=\dimen278
\caption@hangindent=\dimen279
Package caption Info: Standard document class detected.
)
\c@caption@flags=\count344
\c@continuedfloat=\count345
Package caption Info: changepage package is loaded.
\caption@adjustwidth@hsize=\dimen280
\caption@adjustwidth@linewidth=\dimen281
Package caption Info: float package is loaded.
)
(/usr/local/texlive/2026/texmf-dist/tex/latex/caption/subcaption.sty
Package: subcaption 2023/07/28 v1.6b Sub-captions (AR)
Package caption Info: New subtype `subfigure' on input line 238.
\c@subfigure=\count346
Package caption Info: New subtype `subtable' on input line 238.
\c@subtable=\count347
)
(/usr/local/texlive/2026/texmf-dist/tex/latex/enumitem/enumitem.sty
Package: enumitem 2025/02/06 v3.11 Customized lists
\labelindent=\skip87
\enit@outerparindent=\dimen282
\enit@toks=\toks35
\enit@inbox=\box64
\enit@count@id=\count348
\enitdp@description=\count349
)
(/usr/local/texlive/2026/texmf-dist/tex/latex/hyperref/hyperref.sty
Package: hyperref 2026-01-29 v7.01p Hypertext links for LaTeX

(/usr/local/texlive/2026/texmf-dist/tex/generic/pdfescape/pdfescape.sty
Package: pdfescape 2019/12/09 v1.15 Implements pdfTeX's escape features (HO)
)
(/usr/local/texlive/2026/texmf-dist/tex/latex/hycolor/hycolor.sty
Package: hycolor 2020-01-27 v1.10 Color options for hyperref/bookmark (HO)
)
(/usr/local/texlive/2026/texmf-dist/tex/latex/hyperref/nameref.sty
Package: nameref 2026-01-29 v2.58 Cross-referencing by name of section

(/usr/local/texlive/2026/texmf-dist/tex/latex/refcount/refcount.sty
Package: refcount 2019/12/15 v3.6 Data extraction from label references (HO)
)
(/usr/local/texlive/2026/texmf-dist/tex/generic/gettitlestring/gettitlestring.s
ty
Package: gettitlestring 2019/12/15 v1.6 Cleanup title references (HO)
)
\c@section@level=\count350
) (/usr/local/texlive/2026/texmf-dist/tex/generic/stringenc/stringenc.sty
Package: stringenc 2019/11/29 v1.12 Convert strings between diff. encodings (HO
)
)
\@linkdim=\dimen283
\Hy@linkcounter=\count351
\Hy@pagecounter=\count352

(/usr/local/texlive/2026/texmf-dist/tex/latex/hyperref/pd1enc.def
File: pd1enc.def 2026-01-29 v7.01p Hyperref: PDFDocEncoding definition (HO)
)
(/usr/local/texlive/2026/texmf-dist/tex/generic/intcalc/intcalc.sty
Package: intcalc 2019/12/15 v1.3 Expandable calculations with integers (HO)
)
\Hy@SavedSpaceFactor=\count353

(/usr/local/texlive/2026/texmf-dist/tex/latex/hyperref/puenc.def
File: puenc.def 2026-01-29 v7.01p Hyperref: PDF Unicode definition (HO)
)
Package hyperref Info: Option `naturalnames' set `true' on input line 4072.
Package hyperref Info: Hyper figures OFF on input line 4201.
Package hyperref Info: Link nesting OFF on input line 4206.
Package hyperref Info: Hyper index ON on input line 4209.
Package hyperref Info: Plain pages OFF on input line 4216.
Package hyperref Info: Backreferencing OFF on input line 4221.
Package hyperref Info: Implicit mode ON; LaTeX internals redefined.
Package hyperref Info: Bookmarks ON on input line 4468.
\c@Hy@tempcnt=\count354

(/usr/local/texlive/2026/texmf-dist/tex/latex/url/url.sty
\Urlmuskip=\muskip20
Package: url 2013/09/16  ver 3.4  Verb mode for urls, etc.
)
LaTeX Info: Redefining \url on input line 4807.
\XeTeXLinkMargin=\dimen284

(/usr/local/texlive/2026/texmf-dist/tex/generic/bitset/bitset.sty
Package: bitset 2019/12/09 v1.3 Handle bit-vector datatype (HO)

(/usr/local/texlive/2026/texmf-dist/tex/generic/bigintcalc/bigintcalc.sty
Package: bigintcalc 2019/12/15 v1.5 Expandable calculations on big integers (HO
)
))
\Fld@menulength=\count355
\Field@Width=\dimen285
\Fld@charsize=\dimen286
Package hyperref Info: Hyper figures OFF on input line 6084.
Package hyperref Info: Link nesting OFF on input line 6089.
Package hyperref Info: Hyper index ON on input line 6092.
Package hyperref Info: backreferencing OFF on input line 6099.
Package hyperref Info: Link coloring OFF on input line 6104.
Package hyperref Info: Link coloring with OCG OFF on input line 6109.
Package hyperref Info: PDF/A mode OFF on input line 6114.
\Hy@abspage=\count356
\c@Item=\count357
\c@Hfootnote=\count358
)
Package hyperref Info: Driver (autodetected): hxetex.

(/usr/local/texlive/2026/texmf-dist/tex/latex/hyperref/hxetex.def
File: hxetex.def 2026-01-29 v7.01p Hyperref driver for XeTeX
\pdfm@box=\box65
\c@Hy@AnnotLevel=\count359
\HyField@AnnotCount=\count360
\Fld@listcount=\count361
\c@bookmark@seq@number=\count362

(/usr/local/texlive/2026/texmf-dist/tex/latex/rerunfilecheck/rerunfilecheck.sty
Package: rerunfilecheck 2025-06-21 v1.11 Rerun checks for auxiliary files (HO)

(/usr/local/texlive/2026/texmf-dist/tex/generic/uniquecounter/uniquecounter.sty
Package: uniquecounter 2019/12/15 v1.4 Provide unlimited unique counter (HO)
)
Package uniquecounter Info: New unique counter `rerunfilecheck' on input line 2
84.
)
\Hy@SectionHShift=\skip88
)
Package hyperref Info: Option `breaklinks' set `true' on input line 392.
Package hyperref Info: Option `plainpages' set `false' on input line 392.
Package hyperref Info: Option `unicode' set `true' on input line 392.
Package hyperref Info: Option `colorlinks' set `true' on input line 392.
 (/usr/local/texlive/2026/texmf-dist/tex/latex/listings/listings.sty
\lst@mode=\count363
\lst@gtempboxa=\box66
\lst@token=\toks36
\lst@length=\count364
\lst@currlwidth=\dimen287
\lst@column=\count365
\lst@pos=\count366
\lst@lostspace=\dimen288
\lst@width=\dimen289
\lst@newlines=\count367
\lst@lineno=\count368
\lst@maxwidth=\dimen290

(/usr/local/texlive/2026/texmf-dist/tex/latex/listings/lstpatch.sty
File: lstpatch.sty 2025/11/14 1.11b (Carsten Heinz)
)
(/usr/local/texlive/2026/texmf-dist/tex/latex/listings/lstmisc.sty
File: lstmisc.sty 2025/11/14 1.11b (Carsten Heinz)
\c@lstnumber=\count369
\lst@skipnumbers=\count370
\lst@framebox=\box67
)
(/usr/local/texlive/2026/texmf-dist/tex/latex/listings/listings.cfg
File: listings.cfg 2025/11/14 1.11b listings configuration
))
Package: listings 2025/11/14 1.11b (Carsten Heinz)

==> First Aid for listings.sty no longer applied!
    Expected:
        2024/09/23 1.10c (Carsten Heinz)
    but found:
        2025/11/14 1.11b (Carsten Heinz)
    so I'm assuming it got fixed.
(/usr/local/texlive/2026/texmf-dist/tex/latex/totalcount/totalcount.sty
Package: totalcount 2018/01/21 v1.0a Total values of counters (AR)
\c@totalcount@figure=\count371
\c@totalcount@table=\count372
\c@totalcount@lstlisting=\count373
\c@totalcount@equation=\count374
)
(/usr/local/texlive/2026/texmf-dist/tex/latex/doclicense/doclicense.sty
Package: doclicense 2023/10/01 v3.3.0 Support for putting documents under a lic
ense

(/usr/local/texlive/2026/texmf-dist/tex/latex/xifthen/xifthen.sty
Package: xifthen 2015/11/05 v1.4.0 Extended ifthen features

(/usr/local/texlive/2026/texmf-dist/tex/latex/ifmtarg/ifmtarg.sty
Package: ifmtarg 2018/04/16 v1.2b check for an empty argument
))
(/usr/local/texlive/2026/texmf-dist/tex/generic/xstring/xstring.sty
(/usr/local/texlive/2026/texmf-dist/tex/generic/xstring/xstring.tex
\xs_counta=\count375
\xs_countb=\count376
)
Package: xstring 2023/08/22 v1.86 String manipulations (CT)
)
(/usr/local/texlive/2026/texmf-dist/tex/latex/tools/xspace.sty
Package: xspace 2014/10/28 v1.13 Space after command names (DPC,MH)
)
(/usr/local/texlive/2026/texmf-dist/tex/latex/tools/verbatim.sty
Package: verbatim 2024-01-22 v1.5x LaTeX2e package for verbatim enhancements
\every@verbatim=\toks37
\verbatim@line=\toks38
\verbatim@in@stream=\read3
)
(/usr/local/texlive/2026/texmf-dist/tex/latex/hyperxmp/hyperxmp.sty
Package: hyperxmp 2024/03/17 v5.13 Store hyperref metadata in XMP format
\hyxmp@aep@toks=\toks39
\@hyxmp@count=\count377

(/usr/local/texlive/2026/texmf-dist/tex/latex/oberdiek/ifdraft.sty
Package: ifdraft 2016/05/16 v1.4 Detect class options draft and final (HO)
)
(/usr/local/texlive/2026/texmf-dist/tex/generic/iftex/ifluatex.sty
Package: ifluatex 2019/10/25 v1.5 ifluatex legacy package. Use iftex instead.
))
\doclicense@hsize=\skip89

(/usr/local/texlive/2026/texmf-dist/tex/latex/doclicense/doclicense-spanish.ldf
File: doclicense-spanish.ldf 
)) (/usr/local/texlive/2026/texmf-dist/tex/latex/biblatex/biblatex.sty
Package: biblatex 2025/07/10 v3.21 programmable bibliographies (PK/MW)

(/usr/local/texlive/2026/texmf-dist/tex/latex/logreq/logreq.sty
Package: logreq 2010/08/04 v1.0 xml request logger
\lrq@indent=\count378

(/usr/local/texlive/2026/texmf-dist/tex/latex/logreq/logreq.def
File: logreq.def 2010/08/04 v1.0 logreq spec v1.0
))
\c@tabx@nest=\count379
\c@listtotal=\count380
\c@listcount=\count381
\c@liststart=\count382
\c@liststop=\count383
\c@citecount=\count384
\c@citetotal=\count385
\c@multicitecount=\count386
\c@multicitetotal=\count387
\c@instcount=\count388
\c@maxnames=\count389
\c@minnames=\count390
\c@maxitems=\count391
\c@minitems=\count392
\c@citecounter=\count393
\c@maxcitecounter=\count394
\c@savedcitecounter=\count395
\c@uniquelist=\count396
\c@uniquename=\count397
\c@refsection=\count398
\c@refsegment=\count399
\c@maxextratitle=\count400
\c@maxextratitleyear=\count401
\c@maxextraname=\count402
\c@maxextradate=\count403
\c@maxextraalpha=\count404
\c@abbrvpenalty=\count405
\c@highnamepenalty=\count406
\c@lownamepenalty=\count407
\c@maxparens=\count408
\c@parenlevel=\count409
\blx@tempcnta=\count410
\blx@tempcntb=\count411
\blx@tempcntc=\count412
\c@blx@maxsection=\count413
\blx@maxsegment@0=\count414
\blx@notetype=\count415
\blx@parenlevel@text=\count416
\blx@parenlevel@foot=\count417
\blx@sectionciteorder@0=\count418
\blx@sectionciteorderinternal@0=\count419
\blx@entrysetcounter=\count420
\blx@biblioinstance=\count421
\labelnumberwidth=\skip90
\labelalphawidth=\skip91
\biblabelsep=\skip92
\bibitemsep=\skip93
\bibnamesep=\skip94
\bibinitsep=\skip95
\bibparsep=\skip96
\bibhang=\skip97
\blx@bcfin=\read4
\blx@bcfout=\write3
\blx@langwohyphens=\language92
\c@mincomprange=\count422
\c@maxcomprange=\count423
\c@mincompwidth=\count424
Package biblatex Info: Trying to load biblatex default data model...
Package biblatex Info: ... file 'blx-dm.def' found.

(/usr/local/texlive/2026/texmf-dist/tex/latex/biblatex/blx-dm.def
File: blx-dm.def 2025/07/10 v3.21 biblatex datamodel (PK/MW)
)
Package biblatex Info: Trying to load biblatex style data model...
Package biblatex Info: ... file 'ieee.dbx' not found.
Package biblatex Info: Trying to load biblatex custom data model...
Package biblatex Info: ... file 'biblatex-dm.cfg' not found.
\c@afterword=\count425
\c@savedafterword=\count426
\c@annotator=\count427
\c@savedannotator=\count428
\c@author=\count429
\c@savedauthor=\count430
\c@bookauthor=\count431
\c@savedbookauthor=\count432
\c@commentator=\count433
\c@savedcommentator=\count434
\c@editor=\count435
\c@savededitor=\count436
\c@editora=\count437
\c@savededitora=\count438
\c@editorb=\count439
\c@savededitorb=\count440
\c@editorc=\count441
\c@savededitorc=\count442
\c@foreword=\count443
\c@savedforeword=\count444
\c@holder=\count445
\c@savedholder=\count446
\c@introduction=\count447
\c@savedintroduction=\count448
\c@namea=\count449
\c@savednamea=\count450
\c@nameb=\count451
\c@savednameb=\count452
\c@namec=\count453
\c@savednamec=\count454
\c@translator=\count455
\c@savedtranslator=\count456
\c@shortauthor=\count457
\c@savedshortauthor=\count458
\c@shorteditor=\count459
\c@savedshorteditor=\count460
\c@labelname=\count461
\c@savedlabelname=\count462
\c@institution=\count463
\c@savedinstitution=\count464
\c@lista=\count465
\c@savedlista=\count466
\c@listb=\count467
\c@savedlistb=\count468
\c@listc=\count469
\c@savedlistc=\count470
\c@listd=\count471
\c@savedlistd=\count472
\c@liste=\count473
\c@savedliste=\count474
\c@listf=\count475
\c@savedlistf=\count476
\c@location=\count477
\c@savedlocation=\count478
\c@organization=\count479
\c@savedorganization=\count480
\c@origlocation=\count481
\c@savedoriglocation=\count482
\c@origpublisher=\count483
\c@savedorigpublisher=\count484
\c@publisher=\count485
\c@savedpublisher=\count486
\c@language=\count487
\c@savedlanguage=\count488
\c@origlanguage=\count489
\c@savedoriglanguage=\count490
\c@pageref=\count491
\c@savedpageref=\count492
\shorthandwidth=\skip98
\shortjournalwidth=\skip99
\shortserieswidth=\skip100
\shorttitlewidth=\skip101
\shortauthorwidth=\skip102
\shorteditorwidth=\skip103
\locallabelnumberwidth=\skip104
\locallabelalphawidth=\skip105
\localshorthandwidth=\skip106
\localshortjournalwidth=\skip107
\localshortserieswidth=\skip108
\localshorttitlewidth=\skip109
\localshortauthorwidth=\skip110
\localshorteditorwidth=\skip111
Package biblatex Info: Trying to load enhanced support for Unicode engines...
Package biblatex Info: ... file 'blx-unicode.def' found.

(/usr/local/texlive/2026/texmf-dist/tex/latex/biblatex/blx-unicode.def)
Package biblatex Info: Trying to load compatibility code...
Package biblatex Info: ... file 'blx-compat.def' found.

(/usr/local/texlive/2026/texmf-dist/tex/latex/biblatex/blx-compat.def
File: blx-compat.def 2025/07/10 v3.21 biblatex compatibility (PK/MW)
)
Package biblatex Info: Trying to load generic definitions...
Package biblatex Info: ... file 'biblatex.def' found.

(/usr/local/texlive/2026/texmf-dist/tex/latex/biblatex/biblatex.def
File: biblatex.def 2025/07/10 v3.21 biblatex compatibility (PK/MW)
\c@textcitecount=\count493
\c@textcitetotal=\count494
\c@textcitemaxnames=\count495
\c@biburlbigbreakpenalty=\count496
\c@biburlbreakpenalty=\count497
\c@biburlnumpenalty=\count498
\c@biburlucpenalty=\count499
\c@biburllcpenalty=\count500
\biburlbigskip=\muskip21
\biburlnumskip=\muskip22
\biburlucskip=\muskip23
\biburllcskip=\muskip24
\c@smartand=\count501
)
Package biblatex Info: Trying to load bibliography style 'ieee'...
Package biblatex Info: ... file 'ieee.bbx' found.

(/usr/local/texlive/2026/texmf-dist/tex/latex/biblatex-ieee/ieee.bbx
File: ieee.bbx 2025-08-01 v1.4f biblatex bibliography style
Package biblatex Info: Trying to load bibliography style 'numeric-comp'...
Package biblatex Info: ... file 'numeric-comp.bbx' found.

(/usr/local/texlive/2026/texmf-dist/tex/latex/biblatex/bbx/numeric-comp.bbx
File: numeric-comp.bbx 2025/07/10 v3.21 biblatex bibliography style (PK/MW)
Package biblatex Info: Trying to load bibliography style 'numeric'...
Package biblatex Info: ... file 'numeric.bbx' found.

(/usr/local/texlive/2026/texmf-dist/tex/latex/biblatex/bbx/numeric.bbx
File: numeric.bbx 2025/07/10 v3.21 biblatex bibliography style (PK/MW)
Package biblatex Info: Trying to load bibliography style 'standard'...
Package biblatex Info: ... file 'standard.bbx' found.

(/usr/local/texlive/2026/texmf-dist/tex/latex/biblatex/bbx/standard.bbx
File: standard.bbx 2025/07/10 v3.21 biblatex bibliography style (PK/MW)
\c@bbx:relatedcount=\count502
\c@bbx:relatedtotal=\count503
))))
Package biblatex Info: Trying to load citation style 'ieee'...
Package biblatex Info: ... file 'ieee.cbx' found.

(/usr/local/texlive/2026/texmf-dist/tex/latex/biblatex-ieee/ieee.cbx
File: ieee.cbx 2025-08-01 v1.4f biblatex citation style
Package biblatex Info: Trying to load citation style 'numeric-verb'...
Package biblatex Info: ... file 'numeric-verb.cbx' found.

(/usr/local/texlive/2026/texmf-dist/tex/latex/biblatex/cbx/numeric-verb.cbx
File: numeric-verb.cbx 2025/07/10 v3.21 biblatex citation style (PK/MW)
Package biblatex Info: Redefining '\cite'.
Package biblatex Info: Redefining '\parencite'.
Package biblatex Info: Redefining '\footcite'.
Package biblatex Info: Redefining '\footcitetext'.
Package biblatex Info: Redefining '\smartcite'.
Package biblatex Info: Redefining '\textcite'.
Package biblatex Info: Redefining '\supercite'.
Package biblatex Info: Redefining '\parencites'.
Package biblatex Info: Redefining '\smartcites'.
Package biblatex Info: Redefining '\textcites'.
))
Package biblatex Info: Trying to load configuration file...
Package biblatex Info: ... file 'biblatex.cfg' found.

(/usr/local/texlive/2026/texmf-dist/tex/latex/biblatex/biblatex.cfg
File: biblatex.cfg 
)
Package biblatex Info: XeTeX detected.
(biblatex)             Assuming input encoding 'utf8'.
Package biblatex Info: Document encoding is UTF8 ....
Package biblatex Info: ... and expl3
(biblatex)             2026-01-19 L3 programming layer (loader) 
(biblatex)             is new enough (at least 2020/04/06),
(biblatex)             setting 'casechanger=expl3'.

(/usr/local/texlive/2026/texmf-dist/tex/latex/biblatex/blx-case-expl3.sty
Package: blx-case-expl3 2025/07/10 v3.21 expl3 case changing code for biblatex
))
(/usr/local/texlive/2026/texmf-dist/tex/latex/glossaries-extra/glossaries-extra
.sty
Package: glossaries-extra 2026/03/06 v2.0 (NLCT)
 (/usr/local/texlive/2026/texmf-dist/tex/latex/xkeyval/xkeyval.sty
Package: xkeyval 2025/11/04 v2.10 package option processing (HA)

(/usr/local/texlive/2026/texmf-dist/tex/generic/xkeyval/xkeyval.tex
(/usr/local/texlive/2026/texmf-dist/tex/generic/xkeyval/xkvutils.tex
\XKV@toks=\toks40
\XKV@tempa@toks=\toks41
\XKV@tempb@toks=\toks42
)
\XKV@depth=\count504
File: xkeyval.tex 2014/12/03 v2.7a key=value parser (HA)
))
(/usr/local/texlive/2026/texmf-dist/tex/latex/glossaries/base/glossaries.sty
Package: glossaries 2026/03/06 v5.0 (NLCT)

(/usr/local/texlive/2026/texmf-dist/tex/latex/mfirstuc/mfirstuc.sty
Package: mfirstuc 2025/04/03 v2.09 (NLCT)
\@glsmfirst=\toks43
\@glsmrest=\toks44
)
(/usr/local/texlive/2026/texmf-dist/tex/latex/xfor/xfor.sty
Package: xfor 2009/02/05 v1.05 (NLCT)
)
(/usr/local/texlive/2026/texmf-dist/tex/latex/tracklang/tracklang.sty
Package: tracklang 2025/03/11 v1.6.6 (NLCT) Track Languages

(/usr/local/texlive/2026/texmf-dist/tex/generic/tracklang/tracklang.tex)
Package tracklang Info: Tracking dialect `spanish' (language `spanish') on inpu
t line 264.
Package tracklang Info: Tracking dialect `spanish' (language `spanish') on inpu
t line 264.
)
(/usr/local/texlive/2026/texmf-dist/tex/latex/glossaries-spanish/glossaries-spa
nish.ldf
File: glossaries-spanish.ldf 2014/11/23 v1.0

(/usr/local/texlive/2026/texmf-dist/tex/latex/glossaries-spanish/glossaries-spa
nish-utf8.ldf))
(/usr/local/texlive/2026/texmf-dist/tex/latex/datatool/datatool-base.sty
Package: datatool-base 2025/12/04 v3.4.3 (NLCT)
\l__datatool_tmpa_int=\count505
\l__datatool_tmpb_int=\count506
\l__datatool_tmpc_int=\count507
\l__datatool_tmpd_int=\count508
\l__datatool_count_int=\count509
\l__datatool_tmp_datatype_int=\count510
\l__datatool_tmpa_dim=\dimen291
\l__datatool_tmpb_dim=\dimen292

(/usr/local/texlive/2026/texmf-dist/tex/latex/datatool/datatool-l3fp.def
File: datatool-l3fp.def 2025/12/04 v3.4.3 (NLCT)
)
\@dtl@toks=\toks45
\@dtl@tmpcount=\count511
\dtl@tmplength=\skip112
\l__datatool_measure_box=\box68
\dtl@sortresult=\count512

(/usr/local/texlive/2026/texmf-dist/tex/latex/datatool/datatool-utf8.ldf
File: datatool-utf8.ldf 2025/12/04 v3.4.3 (NLCT)
)
\@dtl@datatype=\count513
\c_datatool_unknown_int=\count514
\l__datatool_year_int=\count515
\l__datatool_month_int=\count516
\l__datatool_day_int=\count517
\l__datatool_hour_int=\count518
\l__datatool_minute_int=\count519
\l__datatool_second_int=\count520
\l__datatool_tzhour_int=\count521
\l__datatool_tzminute_int=\count522
\l__datatool_julian_int=\count523
\l__datatool_local_julian_int=\count524
\l__datatool_prefix_int=\count525
\l__datatool_suffix_int=\count526
\@dtl@foreach@level=\count527


Package tracklang Warning: No `datatool' support for dialect `spanish'  on inpu
t line 9924.

\dtl@codeA=\count528
\dtl@codeB=\count529
)
\gls@level=\count530
\@gls@tmpb=\toks46
\gls@tmplen=\skip113
\l__glossaries_tmpa_dim=\dimen293
\l__glossaries_tmpb_dim=\dimen294
\glskeylisttok=\toks47
\glslabeltok=\toks48
\glsshorttok=\toks49
\glslongtok=\toks50

(/usr/local/texlive/2026/texmf-dist/tex/latex/glossaries/styles/glossary-hypern
av.sty
Package: glossary-hypernav 2026/03/06 v5.0 (NLCT)
)
(/usr/local/texlive/2026/texmf-dist/tex/latex/glossaries/styles/glossary-list.s
ty
Package: glossary-list 2026/03/06 v5.0 (NLCT)
\glslistdottedwidth=\skip114
)
(/usr/local/texlive/2026/texmf-dist/tex/latex/glossaries/styles/glossary-long.s
ty
Package: glossary-long 2026/03/06 v5.0 (NLCT)
 (/usr/local/texlive/2026/texmf-dist/tex/latex/tools/longtable.sty
Package: longtable 2025-10-13 v4.24 Multi-page Table package (DPC)
\LTleft=\skip115
\LTright=\skip116
\LTpre=\skip117
\LTpost=\skip118
\LTchunksize=\count531
\LTcapwidth=\dimen295
\LT@head=\box69
\LT@firsthead=\box70
\LT@foot=\box71
\LT@lastfoot=\box72
\LT@gbox=\box73
\LT@cols=\count532
\LT@rows=\count533
\c@LT@tables=\count534
\c@LT@chunks=\count535
\LT@p@ftn=\toks51
)
\glsdescwidth=\skip119
\glspagelistwidth=\skip120
)
(/usr/local/texlive/2026/texmf-dist/tex/latex/glossaries/styles/glossary-super.
sty
Package: glossary-super 2026/03/06 v5.0 (NLCT)
 (/usr/local/texlive/2026/texmf-dist/tex/latex/supertabular/supertabular.sty
Package: supertabular 2025/06/26 v4.2d the supertabular environment
\c@tracingst=\count536
\ST@wd=\dimen296
\ST@rightskip=\skip121
\ST@leftskip=\skip122
\ST@parfillskip=\skip123
\ST@pageleft=\dimen297
\ST@headht=\dimen298
\ST@tailht=\dimen299
\ST@pagesofar=\dimen300
\ST@pboxht=\dimen301
\ST@rowht=\dimen302
\ST@prevht=\dimen303
\ST@toadd=\dimen304
\ST@dimen=\dimen305
\ST@pbox=\box74
))
(/usr/local/texlive/2026/texmf-dist/tex/latex/glossaries/styles/glossary-tree.s
ty
Package: glossary-tree 2026/03/06 v5.0 (NLCT)
\l__glossaries_tree_max_known_level_int=\count537
\l__glossaries_tree_offset_dim=\dimen306
\l__glossaries_tree_namewidth_dim=\dimen307
\l__glossaries_tree_symbolwidth_dim=\dimen308
\l__glossaries_tree_prenamesym_width_dim=\dimen309
\l__glossaries_tree_presubnamesym_width_dim=\dimen310
\l__glossaries_tree_namewidth_padding_dim=\dimen311
\l__glossaries_tree_symbolwidth_padding_dim=\dimen312
\l__glossaries_tree_namesymbolwidth_dim=\dimen313
\l__glossaries_tree_namesymbolwidth_padding_dim=\dimen314
\l__glossaries_tree_level_int=\count538
\glstreeindent=\skip124
))
\@glsxtr@leveloffset=\count539
\glsxtrresourcecount=\count540
\@glsxtrnewgls@inner=\count541
\glsshortpltok=\toks52
\glslongpltok=\toks53

(/usr/local/texlive/2026/texmf-dist/tex/latex/glossaries-extra/glossaries-extra
-abbrstyles.def
File: glossaries-extra-abbrstyles.def 2026/03/06 v2.0 (NLCT)
)
\mglselementindex=\count542
)
\glswrite=\write4
\glo@main@file=\write5
\openout5 = `memoria.glo'.

Package glossaries Info: Writing glossary file memoria.glo on input line 708.
\glo@acronym@file=\write6
\openout6 = `memoria.acn'.

Package glossaries Info: Writing glossary file memoria.acn on input line 708.
)
Package csquotes Info: Checking for multilingual support...
Package csquotes Info: ... found 'babel' package.
Package csquotes Info: Adjusting default style.
Package csquotes Info: Redefining alias 'default' -> 'spanish'.

(/usr/local/texlive/2026/texmf-dist/tex/latex/ccicons/ccicons.sty
Package: ccicons 2017/10/30 v1.6 LaTeX support for Creative Commons icons
)

Package hyperref Warning: Token not allowed in a PDF string (Unicode):
(hyperref)                removing `\\' on input line 81.


Package hyperref Warning: Token not allowed in a PDF string (Unicode):
(hyperref)                removing `\\' on input line 81.


Package hyperref Warning: Token not allowed in a PDF string (Unicode):
(hyperref)                removing `\\' on input line 81.


Package hyperref Warning: Token not allowed in a PDF string (Unicode):
(hyperref)                removing `\\' on input line 81.


Package hyperref Warning: Token not allowed in a PDF string (Unicode):
(hyperref)                removing `\\' on input line 81.


Package hyperref Warning: Token not allowed in a PDF string (Unicode):
(hyperref)                removing `\\' on input line 81.

(./memoria.aux
LaTeX Info: Redefining \. on input line 20.
LaTeX Info: Redefining \% on input line 20.
Package babel Info: 'spanish' activates 'spanish' shorthands.
(babel)             Reported on input line 20.
)
\openout1 = `memoria.aux'.

LaTeX Font Info:    Checking defaults for OML/cmm/m/it on input line 81.
LaTeX Font Info:    ... okay on input line 81.
LaTeX Font Info:    Checking defaults for OMS/cmsy/m/n on input line 81.
LaTeX Font Info:    ... okay on input line 81.
LaTeX Font Info:    Checking defaults for OT1/cmr/m/n on input line 81.
LaTeX Font Info:    ... okay on input line 81.
LaTeX Font Info:    Checking defaults for T1/cmr/m/n on input line 81.
LaTeX Font Info:    ... okay on input line 81.
LaTeX Font Info:    Checking defaults for TS1/cmr/m/n on input line 81.
LaTeX Font Info:    ... okay on input line 81.
LaTeX Font Info:    Checking defaults for TU/lmr/m/n on input line 81.
LaTeX Font Info:    ... okay on input line 81.
LaTeX Font Info:    Checking defaults for OMX/cmex/m/n on input line 81.
LaTeX Font Info:    ... okay on input line 81.
LaTeX Font Info:    Checking defaults for U/cmr/m/n on input line 81.
LaTeX Font Info:    ... okay on input line 81.
LaTeX Font Info:    Checking defaults for PD1/pdf/m/n on input line 81.
LaTeX Font Info:    ... okay on input line 81.
LaTeX Font Info:    Checking defaults for PU/pdf/m/n on input line 81.
LaTeX Font Info:    ... okay on input line 81.
LaTeX Info: Redefining \. on input line 81.
LaTeX Info: Redefining \% on input line 81.

*geometry* driver: auto-detecting
*geometry* detected driver: xetex
*geometry* verbose mode - [ preamble ] result:
* driver: xetex
* paper: <default>
* layout: <same size as paper>
* layoutoffset:(h,v)=(0.0pt,0.0pt)
* modes: 
* h-part:(L,W,R)=(71.13188pt, 455.24411pt, 71.13188pt)
* v-part:(T,H,B)=(99.58464pt, 660.10394pt, 85.35826pt)
* \paperwidth=597.50787pt
* \paperheight=845.04684pt
* \textwidth=455.24411pt
* \textheight=660.10394pt
* \oddsidemargin=-1.1381pt
* \evensidemargin=-1.1381pt
* \topmargin=-4.55914pt
* \headheight=15.8pt
* \headsep=19.8738pt
* \topskip=12.0pt
* \footskip=30.0pt
* \marginparwidth=38.0pt
* \marginparsep=7.0pt
* \columnsep=10.0pt
* \skip\footins=10.8pt plus 4.0pt minus 2.0pt
* \hoffset=0.0pt
* \voffset=0.0pt
* \mag=1000
* \@twocolumnfalse
* \@twosidefalse
* \@mparswitchfalse
* \@reversemarginfalse
* (1in=72.27pt=25.4mm, 1cm=28.453pt)


Package fontspec Info: 
(fontspec)             Adjusting the maths setup (use [no-math] to avoid
(fontspec)             this).

\symlegacymaths=\mathgroup6
LaTeX Font Info:    Overwriting symbol font `legacymaths' in version `bold'
(Font)                  OT1/cmr/m/n --> OT1/cmr/bx/n on input line 81.
LaTeX Font Info:    Redeclaring math accent \acute on input line 81.
LaTeX Font Info:    Redeclaring math accent \grave on input line 81.
LaTeX Font Info:    Redeclaring math accent \ddot on input line 81.
LaTeX Font Info:    Redeclaring math accent \tilde on input line 81.
LaTeX Font Info:    Redeclaring math accent \bar on input line 81.
LaTeX Font Info:    Redeclaring math accent \breve on input line 81.
LaTeX Font Info:    Redeclaring math accent \check on input line 81.
LaTeX Font Info:    Redeclaring math accent \hat on input line 81.
LaTeX Font Info:    Redeclaring math accent \dot on input line 81.
LaTeX Font Info:    Redeclaring math accent \mathring on input line 81.
LaTeX Font Info:    Redeclaring math symbol \Gamma on input line 81.
LaTeX Font Info:    Redeclaring math symbol \Delta on input line 81.
LaTeX Font Info:    Redeclaring math symbol \Theta on input line 81.
LaTeX Font Info:    Redeclaring math symbol \Lambda on input line 81.
LaTeX Font Info:    Redeclaring math symbol \Xi on input line 81.
LaTeX Font Info:    Redeclaring math symbol \Pi on input line 81.
LaTeX Font Info:    Redeclaring math symbol \Sigma on input line 81.
LaTeX Font Info:    Redeclaring math symbol \Upsilon on input line 81.
LaTeX Font Info:    Redeclaring math symbol \Phi on input line 81.
LaTeX Font Info:    Redeclaring math symbol \Psi on input line 81.
LaTeX Font Info:    Redeclaring math symbol \Omega on input line 81.
LaTeX Font Info:    Redeclaring math symbol \mathdollar on input line 81.
LaTeX Font Info:    Redeclaring symbol font `operators' on input line 81.
LaTeX Font Info:    Encoding `OT1' has changed to `TU' for symbol font
(Font)              `operators' in the math version `normal' on input line 81.
LaTeX Font Info:    Overwriting symbol font `operators' in version `normal'
(Font)                  OT1/cmr/m/n --> TU/SourceSerif4(0)/m/n on input line 81
.
LaTeX Font Info:    Encoding `OT1' has changed to `TU' for symbol font
(Font)              `operators' in the math version `bold' on input line 81.
LaTeX Font Info:    Overwriting symbol font `operators' in version `bold'
(Font)                  OT1/cmr/bx/n --> TU/SourceSerif4(0)/m/n on input line 8
1.
LaTeX Font Info:    Overwriting symbol font `operators' in version `normal'
(Font)                  TU/SourceSerif4(0)/m/n --> TU/SourceSerif4(0)/m/n on in
put line 81.
LaTeX Font Info:    Overwriting math alphabet `\mathit' in version `normal'
(Font)                  OT1/cmr/m/it --> TU/SourceSerif4(0)/m/it on input line 
81.
LaTeX Font Info:    Overwriting math alphabet `\mathbf' in version `normal'
(Font)                  OT1/cmr/bx/n --> TU/SourceSerif4(0)/b/n on input line 8
1.
LaTeX Font Info:    Overwriting math alphabet `\mathsf' in version `normal'
(Font)                  OT1/cmss/m/n --> TU/HelveticaNeue(0)/m/n on input line 
81.
LaTeX Font Info:    Overwriting math alphabet `\mathtt' in version `normal'
(Font)                  OT1/cmtt/m/n --> TU/SourceCodePro(0)/m/n on input line 
81.
LaTeX Font Info:    Overwriting symbol font `operators' in version `bold'
(Font)                  TU/SourceSerif4(0)/m/n --> TU/SourceSerif4(0)/b/n on in
put line 81.
LaTeX Font Info:    Overwriting math alphabet `\mathit' in version `bold'
(Font)                  OT1/cmr/bx/it --> TU/SourceSerif4(0)/b/it on input line
 81.
LaTeX Font Info:    Overwriting math alphabet `\mathsf' in version `bold'
(Font)                  OT1/cmss/bx/n --> TU/HelveticaNeue(0)/b/n on input line
 81.
LaTeX Font Info:    Overwriting math alphabet `\mathtt' in version `bold'
(Font)                  OT1/cmtt/m/n --> TU/SourceCodePro(0)/b/n on input line 
81.
LaTeX Info: Redefining \microtypecontext on input line 81.
Package microtype Info: Applying patch `item' on input line 81.

Package microtype Warning: Unable to apply patch `toc' on input line 81.

Package microtype Info: Applying patch `eqnum' on input line 81.
Package microtype Info: Applying patch `footnote' on input line 81.
Package microtype Info: Applying patch `verbatim' on input line 81.
LaTeX Info: Redefining \microtypesetup on input line 81.
Package microtype Info: Character protrusion enabled (level 2).
Package microtype Info: Using default protrusion set `alltext'.
Package microtype Info: No adjustment of tracking.
Package microtype Info: No adjustment of spacing.
Package microtype Info: No adjustment of kerning.
Package microtype Info: Loading generic protrusion settings for font family
(microtype)             `SourceSerif4' (encoding: TU).
(microtype)             For optimal results, create family-specific settings.
(microtype)             See the microtype manual for details.
Package caption Info: Begin \AtBeginDocument code.
Package caption Info: hyperref package is loaded.
Package caption Info: listings package is loaded.
Package caption Info: longtable package is loaded.
(/usr/local/texlive/2026/texmf-dist/tex/latex/caption/ltcaption.sty
Package: ltcaption 2021/01/08 v1.4c longtable captions (AR)
)
Package caption Info: supertabular package is loaded.
Package caption Info: End \AtBeginDocument code.
Package hyperref Info: Link coloring ON on input line 81.

(./memoria.out) (./memoria.out)
\@outlinefile=\write7
\openout7 = `memoria.out'.

\c@lstlisting=\count543
Package biblatex Info: Trying to load language 'spanish'...
Package biblatex Info: ... file 'spanish.lbx' found.

(/usr/local/texlive/2026/texmf-dist/tex/latex/biblatex/lbx/spanish.lbx
File: spanish.lbx 2025/07/10 v3.21 biblatex localization (PK/MW)
)
Package biblatex Info: XeTeX detected.
(biblatex)             Assuming input encoding 'utf8'.
Package biblatex Info: Automatic encoding selection.
(biblatex)             Assuming data encoding 'utf8'.
\openout3 = `memoria.bcf'.

Package biblatex Info: Trying to load bibliographic data...
Package biblatex Info: ... file 'memoria.bbl' found.

(./memoria.bbl)
Package biblatex Info: Reference section=0 on input line 81.
Package biblatex Info: Reference segment=0 on input line 81.
Package microtype Info: Loading generic protrusion settings for font family
(microtype)             `HelveticaNeue' (encoding: TU).
(microtype)             For optimal results, create family-specific settings.
(microtype)             See the microtype manual for details.
File: upm-report/images/upm-logotipo.png Graphic file (type bmp)
<upm-report/images/upm-logotipo.png>
 [1

\openout4 = `memoria.ist'.

]

LaTeX Font Warning: Font shape `TU/SourceSerif4(0)/b/n' undefined
(Font)              using `TU/SourceSerif4(0)/m/n' instead on input line 81.


Underfull \hbox (badness 10000) in paragraph at lines 81--81

 []


Underfull \hbox (badness 10000) in paragraph at lines 81--81

 []

LaTeX Font Info:    Trying to load font information for U+msa on input line 81.

(/usr/local/texlive/2026/texmf-dist/tex/latex/amsfonts/umsa.fd
File: umsa.fd 2013/01/14 v3.01 AMS symbols A
)
(/usr/local/texlive/2026/texmf-dist/tex/latex/microtype/mt-msa.cfg
File: mt-msa.cfg 2006/02/04 v1.1 microtype config. file: AMS symbols (a) (RS)
)
LaTeX Font Info:    Trying to load font information for U+msb on input line 81.


(/usr/local/texlive/2026/texmf-dist/tex/latex/amsfonts/umsb.fd
File: umsb.fd 2013/01/14 v3.01 AMS symbols B
)
(/usr/local/texlive/2026/texmf-dist/tex/latex/microtype/mt-msb.cfg
File: mt-msb.cfg 2005/06/01 v1.0 microtype config. file: AMS symbols (b) (RS)
)
(/usr/local/texlive/2026/texmf-dist/tex/latex/microtype/mt-cmr.cfg
File: mt-cmr.cfg 2013/05/19 v2.2 microtype config. file: Computer Modern Roman 
(RS)
)
Package microtype Info: Loading generic protrusion settings for font family
(microtype)             `SourceCodePro' (encoding: TU).
(microtype)             For optimal results, create family-specific settings.
(microtype)             See the microtype manual for details.

Overfull \hbox (132.45589pt too wide) in paragraph at lines 81--81
[]\TU/SourceCodePro(0)/m/n/10 @mastersthesis{2026AnderRegidorBarranteIvnSerrano
PrietoMariaJosGarcaPrietoCastellsElenaEsparzaBaa, 
 []


Overfull \hbox (20.75589pt too wide) in paragraph at lines 81--81
| \TU/SourceCodePro(0)/m/n/10 title = {Implementación del procesador Intel 4004
 en VHDL sobre FPGA Basys 3
 []


Overfull \hbox (11.75589pt too wide) in paragraph at lines 81--81
| \TU/SourceCodePro(0)/m/n/10 author = {Regidor Barrante, A.; Serrano Prieto, I
.; García-Prieto Castells,
 []


Underfull \hbox (badness 10000) in paragraph at lines 81--81

 []


Underfull \hbox (badness 10000) in paragraph at lines 81--81
[]\TU/SourceSerif4(0)/b/n/10 Esta obra está bajo una licencia [][]Creative Comm
ons «  Atribución-
 []


Underfull \hbox (badness 10000) in paragraph at lines 81--81
\TU/SourceSerif4(0)/b/n/10 NoComercial-CompartirIgual 4.0 Internacional»[][]. O
bra derivada de
 []

File: doclicense-CC-by-nc-sa-88x31.pdf Graphic file (type pdf)
<use doclicense-CC-by-nc-sa-88x31.pdf>

Underfull \hbox (badness 10000) in paragraph at lines 81--81

 []

[2

]
Overfull \hbox (1.56224pt too wide) in paragraph at lines 81--81
[]\TU/SourceSerif4(0)/m/n/12 Este trabajo recoge el diseño e implementación en 
[][][]VHDL[][] del procesador [][][]CPU[][] Intel 4004,
 []

File: diagrama.png Graphic file (type bmp)
<diagrama.png>
[3


] (./memoria.toc
LaTeX Info: Redefining \sptext on input line 1.
LaTeX Info: Redefining \. on input line 1.
LaTeX Info: Redefining \% on input line 1.
 [1


])
\tf@toc=\write8
\openout8 = `memoria.toc'.

LaTeX Info: Redefining \. on input line 81.
LaTeX Info: Redefining \% on input line 81.
Package babel Info: 'spanish' activates 'spanish' shorthands.
(babel)             Reported on input line 81.
 [2] (./memoria.lot
LaTeX Info: Redefining \sptext on input line 1.
LaTeX Info: Redefining \. on input line 1.
LaTeX Info: Redefining \% on input line 1.

Overfull \hbox (22.85207pt too wide) in paragraph at lines 19--19
 [][] [][][]\TU/SourceSerif4(0)/b/n/12 Puertos de la entidad \TU/SourceCodePro(
0)/m/n/12 instruction_decoder \TU/SourceSerif4(0)/b/n/12 conectados en \TU/Sour
ceCodePro(0)/m/n/12 cpu_4004_top[][] [][]  
 []

[3

])
\tf@lot=\write9
\openout9 = `memoria.lot'.

LaTeX Info: Redefining \. on input line 81.
LaTeX Info: Redefining \% on input line 81.
 [4] (./memoria.lol)
\tf@lol=\write10
\openout10 = `memoria.lol'.

 [5

]
Capítulo 1.
[1


]
LaTeX Info: Redefining \. on input line 134.
LaTeX Info: Redefining \% on input line 134.
 [2]
Capítulo 2.
[3

]
Capítulo 3.
File: metodologia.png Graphic file (type bmp)
<metodologia.png>
[4

]
Capítulo 4.
(/usr/local/texlive/2026/texmf-dist/tex/latex/listings/lstlang1.sty
File: lstlang1.sty 2025/11/14 1.11b listings language file
)
Package hyperref Info: bookmark level for unknown lstlisting defaults to 0 on i
nput line 228.
 [5

]
LaTeX Info: Redefining \. on input line 241.
LaTeX Info: Redefining \% on input line 241.

[6]
Overfull \hbox (13.45763pt too wide) in paragraph at lines 285--287
[]\TU/SourceSerif4(0)/b/n/12 Ambos se implementan con una sentencia \TU/SourceC
odePro(0)/m/n/12 GENERATE \TU/SourceSerif4(0)/b/n/12 que instancia $\OML/cmm/m/
it/12 N$ \TU/SourceSerif4(0)/b/n/12 copias de \TU/SourceCodePro(0)/m/n/12 d_ff_
en
 []

LaTeX Info: Redefining \. on input line 304.
LaTeX Info: Redefining \% on input line 304.
[7

]
Overfull \hbox (25.36444pt too wide) in paragraph at lines 340--346
\TU/SourceSerif4(0)/b/n/12 ca o lógica. Se implementa como un \TU/SourceSerif4(
0)/m/it/12 wrapper \TU/SourceSerif4(0)/b/n/12 sobre \TU/SourceCodePro(0)/m/n/12
 registro_4b\TU/SourceSerif4(0)/b/n/12 : la entidad \TU/SourceCodePro(0)/m/n/12
 accumulator
 []

LaTeX Info: Redefining \. on input line 346.
LaTeX Info: Redefining \% on input line 346.
[8]
LaTeX Info: Redefining \. on input line 402.
LaTeX Info: Redefining \% on input line 402.
 [9]
LaTeX Info: Redefining \. on input line 441.
LaTeX Info: Redefining \% on input line 441.
 [10]
LaTeX Info: Redefining \. on input line 487.
LaTeX Info: Redefining \% on input line 487.
 [11]
LaTeX Info: Redefining \. on input line 521.
LaTeX Info: Redefining \% on input line 521.
 [12]
LaTeX Info: Redefining \. on input line 593.
LaTeX Info: Redefining \% on input line 593.
 [13]
LaTeX Info: Redefining \. on input line 619.
LaTeX Info: Redefining \% on input line 619.
 [14]
LaTeX Info: Redefining \. on input line 663.
LaTeX Info: Redefining \% on input line 663.
 [15]
Overfull \hbox (19.41765pt too wide) in paragraph at lines 667--672
[]\TU/SourceSerif4(0)/b/n/12 Gestiona la comunicación bidireccional con el pin 
físico \TU/SourceCodePro(0)/b/n/12 D_bus \TU/SourceSerif4(0)/b/n/12 (D0–D3). Cu
ando \TU/SourceCodePro(0)/b/n/12 dir_out
 []

LaTeX Info: Redefining \. on input line 721.
LaTeX Info: Redefining \% on input line 721.
[16]
Overfull \hbox (1.62192pt too wide) in paragraph at lines 722--730
[]\TU/SourceSerif4(0)/b/n/12 La entidad define además puertos indicadores indiv
iduales (\TU/SourceCodePro(0)/b/n/12 is_daa\TU/SourceSerif4(0)/b/n/12 , \TU/Sou
rceCodePro(0)/b/n/12 is_tcs\TU/SourceSerif4(0)/b/n/12 , \TU/SourceCodePro(0)/b/
n/12 is_rdr\TU/SourceSerif4(0)/b/n/12 ,
 []

LaTeX Info: Redefining \. on input line 753.
LaTeX Info: Redefining \% on input line 753.
[17]
LaTeX Info: Redefining \. on input line 808.
LaTeX Info: Redefining \% on input line 808.
 [18]
LaTeX Info: Redefining \. on input line 859.
LaTeX Info: Redefining \% on input line 859.
 [19]
Overfull \hbox (2.28824pt too wide) in paragraph at lines 891--896
[]\TU/SourceSerif4(0)/b/n/12 Controlador de display: un contador de 20 bits mul
tiplexa los cuatro dígitos a $\OMS/cmsy/m/n/12 ^^Y$\TU/SourceSerif4(0)/b/n/12 2
00 Hz,
 []

LaTeX Info: Redefining \. on input line 915.
LaTeX Info: Redefining \% on input line 915.
[20]
Overfull \hbox (9.06683pt too wide) in paragraph at lines 921--927
\TU/SourceSerif4(0)/b/n/12 ción dos instrucciones representativas extraídas del
 programa de la calculadora: \TU/SourceCodePro(0)/b/n/12 ADD R1
 []


Underfull \hbox (badness 10000) in paragraph at lines 988--988
[]|\TU/SourceSerif4(0)/b/n/12 La pila serializa
 []


Underfull \hbox (badness 2941) in paragraph at lines 988--988
\TU/SourceSerif4(0)/b/n/12 PC[3:0] al bus D0–
 []


Underfull \hbox (badness 10000) in paragraph at lines 988--988
\TU/SourceSerif4(0)/b/n/12 La ROM latcha
 []


Underfull \hbox (badness 10000) in paragraph at lines 988--988
\TU/SourceSerif4(0)/b/n/12 el nibble bajo
 []


Underfull \hbox (badness 10000) in paragraph at lines 988--988
\TU/SourceSerif4(0)/b/n/12 de la dirección
 []


Underfull \hbox (badness 10000) in paragraph at lines 988--988
[]|\TU/SourceSerif4(0)/b/n/12 La pila serializa
 []


Underfull \hbox (badness 10000) in paragraph at lines 988--988
[]|\TU/SourceSerif4(0)/b/n/12 La pila serializa
 []


Underfull \hbox (badness 10000) in paragraph at lines 988--988
\TU/SourceSerif4(0)/b/n/12 PC[11:8]; chip se-
 []


Underfull \hbox (badness 10000) in paragraph at lines 988--988
\TU/SourceSerif4(0)/b/n/12 lect activado. La
 []


Underfull \hbox (badness 10000) in paragraph at lines 988--988
\TU/SourceSerif4(0)/b/n/12 ROM ensambla la
 []


Underfull \hbox (badness 2990) in paragraph at lines 988--988
\TU/SourceSerif4(0)/b/n/12 dirección completa
 []


Underfull \hbox (badness 10000) in paragraph at lines 988--988
\TU/SourceSerif4(0)/b/n/12 y lee la instruc-
 []


Underfull \hbox (badness 4621) in paragraph at lines 988--988
[]|\TU/SourceSerif4(0)/b/n/12 La ROM vuelca el
 []


Underfull \hbox (badness 5939) in paragraph at lines 988--988
\TU/SourceSerif4(0)/b/n/12 terno lo introduce
 []


Underfull \hbox (badness 4621) in paragraph at lines 988--988
[]|\TU/SourceSerif4(0)/b/n/12 La ROM vuelca el
 []


Underfull \hbox (badness 10000) in paragraph at lines 988--988
\TU/SourceSerif4(0)/b/n/12 al bus. IR[3:0] $\OMS/cmsy/m/n/12  $
 []


Underfull \hbox (badness 10000) in paragraph at lines 988--988
\TU/SourceCodePro(0)/b/n/12 "0001"\TU/SourceSerif4(0)/b/n/12 . El deco-
 []


Underfull \hbox (badness 10000) in paragraph at lines 988--988
\TU/SourceSerif4(0)/b/n/12 dificador activa
 []


Underfull \hbox (badness 10000) in paragraph at lines 988--988
\TU/SourceCodePro(0)/b/n/12 inst_group(8)
 []


Underfull \hbox (badness 10000) in paragraph at lines 988--988
\TU/SourceSerif4(0)/b/n/12 (grupo ADD) e
 []


Underfull \hbox (badness 10000) in paragraph at lines 988--988
[]|\TU/SourceSerif4(0)/b/n/12 El scratchpad se-
 []


Underfull \hbox (badness 10000) in paragraph at lines 988--988
\TU/SourceSerif4(0)/b/n/12 IR[3:0] = \TU/SourceCodePro(0)/b/n/12 "0001"\TU/Sour
ceSerif4(0)/b/n/12 )
 []


Underfull \hbox (badness 5939) in paragraph at lines 988--988
\TU/SourceSerif4(0)/b/n/12 al bus interno. El
 []


Underfull \hbox (badness 10000) in paragraph at lines 988--988
\TU/SourceSerif4(0)/b/n/12 registro temporal
 []


Underfull \hbox (badness 4084) in paragraph at lines 988--988
\OT1/cmr/m/n/12 5 + 0 = 8$ \TU/SourceSerif4(0)/b/n/12 con
 []


Underfull \hbox (badness 5519) in paragraph at lines 988--988
\TU/SourceSerif4(0)/b/n/12 C). El resultado \TU/SourceCodePro(0)/b/n/12 8
 []


Underfull \hbox (badness 5475) in paragraph at lines 988--988
\TU/SourceSerif4(0)/b/n/12 terno. El acumula-
 []


Overfull \hbox (7.79994pt too wide) in paragraph at lines 988--988
[]|\TU/SourceCodePro(0)/b/n/12 current_frag='0'
 []


Underfull \hbox (badness 10000) in paragraph at lines 988--988
\TU/SourceSerif4(0)/b/n/12 y
 []


Overfull \hbox (45.59995pt too wide) in paragraph at lines 988--988
\TU/SourceCodePro(0)/b/n/12 jump_taken_active='0'\TU/SourceSerif4(0)/b/n/12 ,
 []


Underfull \hbox (badness 10000) in paragraph at lines 988--988
\TU/SourceSerif4(0)/b/n/12 por lo que
 []


Underfull \hbox (badness 10000) in paragraph at lines 988--988
\TU/SourceCodePro(0)/b/n/12 stack_in =
 []


Underfull \hbox (badness 10000) in paragraph at lines 988--988
\TU/SourceCodePro(0)/b/n/12 PC+1\TU/SourceSerif4(0)/b/n/12 . La pila ac-
 []


Underfull \hbox (badness 2922) in paragraph at lines 988--988
\TU/SourceSerif4(0)/b/n/12 tualiza el contador
 []


Underfull \hbox (badness 10000) in paragraph at lines 988--988
\TU/SourceSerif4(0)/b/n/12 de programa al
 []

LaTeX Info: Redefining \. on input line 990.
LaTeX Info: Redefining \% on input line 990.
[21]
LaTeX Info: Redefining \. on input line 990.
LaTeX Info: Redefining \% on input line 990.
 [22]
Overfull \vbox (499.58255pt too high) has occurred while \output is active []

LaTeX Info: Redefining \. on input line 990.
LaTeX Info: Redefining \% on input line 990.

[23]
Underfull \hbox (badness 10000) in paragraph at lines 1039--1039
[]|\TU/SourceCodePro(0)/b/n/12 current_frag='0'\TU/SourceSerif4(0)/b/n/12 : \TU
/SourceCodePro(0)/b/n/12 stack_in
 []


Underfull \hbox (badness 10000) in paragraph at lines 1039--1039
\TU/SourceCodePro(0)/b/n/12 = PC+1 = 0x019\TU/SourceSerif4(0)/b/n/12 ; el conta
dor
 []


Underfull \hbox (badness 10000) in paragraph at lines 1039--1039
\TU/SourceSerif4(0)/b/n/12 de programa apunta al segun-
 []


Underfull \hbox (badness 10000) in paragraph at lines 1039--1039
\TU/SourceSerif4(0)/b/n/12 do byte. El proceso secuencial
 []


Underfull \hbox (badness 7151) in paragraph at lines 1039--1039
\TU/SourceSerif4(0)/b/n/12 detecta \TU/SourceCodePro(0)/b/n/12 is_2byte='1' \TU
/SourceSerif4(0)/b/n/12 y transi-
 []


Underfull \hbox (badness 10000) in paragraph at lines 1039--1039
\TU/SourceSerif4(0)/b/n/12 ciona \TU/SourceCodePro(0)/b/n/12 current_frag $\OMS
/cmsy/m/n/12  $ \TU/SourceCodePro(0)/b/n/12 '1' \TU/SourceSerif4(0)/b/n/12 y
 []


Underfull \hbox (badness 10000) in paragraph at lines 1085--1085
[]|\TU/SourceSerif4(0)/b/n/12 La ROM vuelca \TU/SourceCodePro(0)/b/n/12 "0010" 
\TU/SourceSerif4(0)/b/n/12 al bus.
 []


Underfull \hbox (badness 10000) in paragraph at lines 1085--1085
\TU/SourceCodePro(0)/b/n/12 disable_ir='1' \TU/SourceSerif4(0)/b/n/12 bloquea l
a car-
 []


Underfull \hbox (badness 10000) in paragraph at lines 1085--1085
\TU/SourceSerif4(0)/b/n/12 almacena \TU/SourceCodePro(0)/b/n/12 second_byte_reg
[7:4]
 []


Underfull \hbox (badness 10000) in paragraph at lines 1085--1085
[]|\TU/SourceSerif4(0)/b/n/12 La ROM vuelca \TU/SourceCodePro(0)/b/n/12 "1010" 
\TU/SourceSerif4(0)/b/n/12 al bus.
 []


Underfull \hbox (badness 10000) in paragraph at lines 1085--1085
\TU/SourceCodePro(0)/b/n/12 second_byte_reg[3:0] $\OMS/cmsy/m/n/12  $
 []


Underfull \hbox (badness 10000) in paragraph at lines 1085--1085
\TU/SourceCodePro(0)/b/n/12 "1010"\TU/SourceSerif4(0)/b/n/12 ; \TU/SourceCodePr
o(0)/b/n/12 second_byte_reg =
 []


Underfull \hbox (badness 10000) in paragraph at lines 1085--1085
[]|\TU/SourceSerif4(0)/b/n/12 La lógica combinacional evalúa la
 []


Underfull \hbox (badness 10000) in paragraph at lines 1085--1085
\TU/SourceSerif4(0)/b/n/12 condición de salto: \TU/SourceCodePro(0)/b/n/12 cond
_accum
 []


Underfull \hbox (badness 10000) in paragraph at lines 1085--1085
\TU/SourceCodePro(0)/b/n/12 = (ACC = "0000") \TU/SourceSerif4(0)/b/n/12 (IR[2]=
’1’);
 []


Underfull \hbox (badness 10000) in paragraph at lines 1085--1085
\TU/SourceCodePro(0)/b/n/12 cond_carry = '0' \TU/SourceSerif4(0)/b/n/12 (IR[1]=
’0’);
 []


Underfull \hbox (badness 10000) in paragraph at lines 1085--1085
\TU/SourceCodePro(0)/b/n/12 cond_test = '0' \TU/SourceSerif4(0)/b/n/12 (IR[0]=’
0’).
 []


Underfull \hbox (badness 3078) in paragraph at lines 1085--1085
\TU/SourceCodePro(0)/b/n/12 jcn_taken = cond_met \TU/SourceSerif4(0)/b/n/12 (si
n inver-
 []


Underfull \hbox (badness 4531) in paragraph at lines 1085--1085
\TU/SourceSerif4(0)/b/n/12 sión, IR[3]=’0’). \TU/SourceCodePro(0)/b/n/12 target
_jump_addr
 []


Underfull \hbox (badness 10000) in paragraph at lines 1085--1085
[]|\TU/SourceSerif4(0)/b/n/12 Si ACC = 0 (\TU/SourceCodePro(0)/b/n/12 jcn_taken
='1'\TU/SourceSerif4(0)/b/n/12 ):
 []


Underfull \hbox (badness 10000) in paragraph at lines 1085--1085
[]|\TU/SourceSerif4(0)/b/n/12 Si ACC $\OMS/cmsy/m/n/12 6\OT1/cmr/m/n/12 =$ \TU/
SourceSerif4(0)/b/n/12 0 (\TU/SourceCodePro(0)/b/n/12 jcn_taken='0'\TU/SourceSe
rif4(0)/b/n/12 ):
 []


Underfull \hbox (badness 10000) in paragraph at lines 1085--1085
\TU/SourceCodePro(0)/b/n/12 stack_in = PC+1 = 0x01A $\OMS/cmsy/m/n/12 )$
 []


Underfull \hbox (badness 1331) in paragraph at lines 1085--1085
[]|\TU/SourceCodePro(0)/b/n/12 current_frag \TU/SourceSerif4(0)/b/n/12 y \TU/So
urceCodePro(0)/b/n/12 disable_ir \TU/SourceSerif4(0)/b/n/12 vuel-
 []

LaTeX Info: Redefining \. on input line 1087.
LaTeX Info: Redefining \% on input line 1087.
[24]
LaTeX Info: Redefining \. on input line 1100.
LaTeX Info: Redefining \% on input line 1100.
 [25]
Underfull \hbox (badness 5817) in paragraph at lines 1136--1136
[]|\TU/SourceCodePro(0)/b/n/12 WRM\TU/SourceSerif4(0)/b/n/12 , \TU/SourceCodePr
o(0)/b/n/12 RDM\TU/SourceSerif4(0)/b/n/12 , \TU/SourceCodePro(0)/b/n/12 WR0\TU/
SourceSerif4(0)/b/n/12 –\TU/SourceCodePro(0)/b/n/12 WR3\TU/SourceSerif4(0)/b/n/
12 , \TU/SourceCodePro(0)/b/n/12 RD0\TU/SourceSerif4(0)/b/n/12 –\TU/SourceCodeP
ro(0)/b/n/12 RD3\TU/SourceSerif4(0)/b/n/12 , \TU/SourceCodePro(0)/b/n/12 ADM\TU
/SourceSerif4(0)/b/n/12 , \TU/SourceCodePro(0)/b/n/12 SBM\TU/SourceSerif4(0)/b/
n/12 . La señal
 []

LaTeX Info: Redefining \. on input line 1140.
LaTeX Info: Redefining \% on input line 1140.
[26]
Capítulo 5.
[27

]
Capítulo 6.

Overfull \hbox (58.79611pt too wide) in paragraph at lines 1171--1174
[]\TU/SourceSerif4(0)/b/n/12 El diseño ha sido sintetizado e implementado con V
ivado sobre la Basys 3 Artix-7 XC7A35TICPG236-
 []

[28

]
Capítulo 7.
[29

]
Apéndice A.
[30

]
LaTeX Info: Redefining \. on input line 1239.
LaTeX Info: Redefining \% on input line 1239.
 [31]

LaTeX Warning: Empty bibliography on input line 1239.

No file memoria.gls.

Overfull \hbox (8.48962pt too wide) in paragraph at lines 1239--1239
[]\TU/SourceSerif4(0)/b/n/12 This document is incomplete. The external file ass
ociated with the glossary ‘main’ (which
 []


Overfull \hbox (0.46005pt too wide) in paragraph at lines 1239--1239
[]\TU/SourceSerif4(0)/b/n/12 Add \TU/SourceCodePro(0)/b/n/12 automake \TU/Sourc
eSerif4(0)/b/n/12 to your package option list when you load \TU/SourceCodePro(0
)/b/n/12 glossaries-extra.sty\TU/SourceSerif4(0)/b/n/12 .
 []

No file memoria.acr.
[32


]
Overfull \hbox (0.46005pt too wide) in paragraph at lines 1239--1239
[]\TU/SourceSerif4(0)/b/n/12 Add \TU/SourceCodePro(0)/b/n/12 automake \TU/Sourc
eSerif4(0)/b/n/12 to your package option list when you load \TU/SourceCodePro(0
)/b/n/12 glossaries-extra.sty\TU/SourceSerif4(0)/b/n/12 .
 []

LaTeX Info: Redefining \. on input line 1239.
LaTeX Info: Redefining \% on input line 1239.
[33]
File: upm-report/images/etsisi-isotipo-white.pdf Graphic file (type pdf)
<use upm-report/images/etsisi-isotipo-white.pdf>
 (/usr/local/texlive/2026/texmf-dist/tex/generic/stringenc/se-utf32be.def
File: se-utf32be.def 2019/11/29 v1.12 stringenc: UTF-32BE
)
(/usr/local/texlive/2026/texmf-dist/tex/generic/stringenc/se-pdfdoc.def
File: se-pdfdoc.def 2019/11/29 v1.12 stringenc: PDFDocEncoding
)
[34

] (./memoria.aux
LaTeX Info: Redefining \sptext on input line 20.
LaTeX Info: Redefining \. on input line 20.
LaTeX Info: Redefining \% on input line 20.
)
 ***********
LaTeX2e <2025-11-01>
L3 programming layer <2026-01-19>
 ***********


LaTeX Font Warning: Some font shapes were not available, defaults substituted.

Package rerunfilecheck Info: File `memoria.out' has not changed.
(rerunfilecheck)             Checksum: 2C976AD54B6640C7961AE9C800FE2040;4697.
Package logreq Info: Writing requests to 'memoria.run.xml'.
\openout1 = `memoria.run.xml'.

 ) 
Here is how much of TeX's memory you used:
 43408 strings out of 468168
 852339 string characters out of 5432815
 1969587 words of memory out of 5000000
 71566 multiletter control sequences out of 15000+600000
 634833 words of font info for 118 fonts, out of 8000000 for 9000
 1348 hyphenation exceptions out of 8191
 92i,12n,107p,2537b,32833s stack positions out of 10000i,1000n,20000p,200000b,200000s

Output written on memoria.xdv (42 pages, 514852 bytes).
